{"account_number":496,"balance":14869,"firstname":"Alison","lastname":"Conrad","age":35,"gender":"F","address":"347 Varet Street","employer":"Perkle","email":"alisonconrad@perkle.com","city":"Cliffside","state":"OH"}
{"account_number":504,"balance":49205,"firstname":"Shanna","lastname":"Chambers","age":23,"gender":"M","address":"220 Beard Street","employer":"Corporana","email":"shannachambers@corporana.com","city":"Cashtown","state":"AZ"}
{"account_number":509,"balance":34754,"firstname":"Durham","lastname":"Pacheco","age":40,"gender":"M","address":"129 Plymouth Street","employer":"Datacator","email":"durhampacheco@datacator.com","city":"Loveland","state":"NC"}
{"account_number":511,"balance":40908,"firstname":"Elba","lastname":"Grant","age":24,"gender":"F","address":"157 Bijou Avenue","employer":"Dognost","email":"elbagrant@dognost.com","city":"Coyote","state":"MT"}
{"account_number":516,"balance":44940,"firstname":"Roy","lastname":"Smith","age":37,"gender":"M","address":"770 Cherry Street","employer":"Parleynet","email":"roysmith@parleynet.com","city":"Carrsville","state":"RI"}
{"account_number":523,"balance":28729,"firstname":"Amalia","lastname":"Benjamin","age":40,"gender":"F","address":"173 Bushwick Place","employer":"Sentia","email":"amaliabenjamin@sentia.com","city":"Jacumba","state":"OK"}
{"account_number":528,"balance":4071,"firstname":"Thompson","lastname":"Hoover","age":27,"gender":"F","address":"580 Garden Street","employer":"Portalis","email":"thompsonhoover@portalis.com","city":"Knowlton","state":"AL"}
{"account_number":530,"balance":8840,"firstname":"Kathrine","lastname":"Evans","age":37,"gender":"M","address":"422 Division Place","employer":"Spherix","email":"kathrineevans@spherix.com","city":"Biddle","state":"CO"}
{"account_number":535,"balance":8715,"firstname":"Fry","lastname":"George","age":34,"gender":"M","address":"722 Green Street","employer":"Ewaves","email":"frygeorge@ewaves.com","city":"Kenmar","state":"DE"}
{"account_number":542,"balance":23285,"firstname":"Michelle","lastname":"Mayo","age":35,"gender":"M","address":"657 Caton Place","employer":"Biflex","email":"michellemayo@biflex.com","city":"Beaverdale","state":"WY"}
{"account_number":547,"balance":12870,"firstname":"Eaton","lastname":"Rios","age":32,"gender":"M","address":"744 Withers Street","employer":"Podunk","email":"eatonrios@podunk.com","city":"Chelsea","state":"IA"}
{"account_number":554,"balance":33163,"firstname":"Townsend","lastname":"Atkins","age":39,"gender":"M","address":"566 Ira Court","employer":"Acruex","email":"townsendatkins@acruex.com","city":"Valle","state":"IA"}
{"account_number":559,"balance":11450,"firstname":"Tonia","lastname":"Schmidt","age":38,"gender":"F","address":"508 Sheffield Avenue","employer":"Extro","email":"toniaschmidt@extro.com","city":"Newry","state":"CT"}
{"account_number":561,"balance":12370,"firstname":"Sellers","lastname":"Davis","age":30,"gender":"M","address":"860 Madoc Avenue","employer":"Isodrive","email":"sellersdavis@isodrive.com","city":"Trail","state":"KS"}
{"account_number":566,"balance":6183,"firstname":"Cox","lastname":"Roman","age":37,"gender":"M","address":"349 Winthrop Street","employer":"Medcom","email":"coxroman@medcom.com","city":"Rosewood","state":"WY"}
{"account_number":573,"balance":32171,"firstname":"Callie","lastname":"Castaneda","age":36,"gender":"M","address":"799 Scott Avenue","employer":"Earthwax","email":"calliecastaneda@earthwax.com","city":"Marshall","state":"NH"}
{"account_number":578,"balance":34259,"firstname":"Holmes","lastname":"Mcknight","age":37,"gender":"M","address":"969 Metropolitan Avenue","employer":"Cubicide","email":"holmesmcknight@cubicide.com","city":"Aguila","state":"PA"}
{"account_number":580,"balance":13716,"firstname":"Mcmahon","lastname":"York","age":34,"gender":"M","address":"475 Beacon Court","employer":"Zillar","email":"mcmahonyork@zillar.com","city":"Farmington","state":"MO"}
{"account_number":585,"balance":26745,"firstname":"Nieves","lastname":"Nolan","age":32,"gender":"M","address":"115 Seagate Terrace","employer":"Jumpstack","email":"nievesnolan@jumpstack.com","city":"Eastmont","state":"UT"}
{"account_number":592,"balance":32968,"firstname":"Head","lastname":"Webster","age":36,"gender":"F","address":"987 Lefferts Avenue","employer":"Empirica","email":"headwebster@empirica.com","city":"Rockingham","state":"TN"}
{"account_number":597,"balance":11246,"firstname":"Penny","lastname":"Knowles","age":33,"gender":"M","address":"139 Forbell Street","employer":"Ersum","email":"pennyknowles@ersum.com","city":"Vallonia","state":"IA"}
{"account_number":600,"balance":10336,"firstname":"Simmons","lastname":"Byers","age":37,"gender":"M","address":"250 Dictum Court","employer":"Qualitex","email":"simmonsbyers@qualitex.com","city":"Wanship","state":"OH"}
{"account_number":605,"balance":38427,"firstname":"Mcclain","lastname":"Manning","age":24,"gender":"M","address":"832 Leonard Street","employer":"Qiao","email":"mcclainmanning@qiao.com","city":"Calvary","state":"TX"}
{"account_number":612,"balance":11868,"firstname":"Dunn","lastname":"Cameron","age":32,"gender":"F","address":"156 Lorimer Street","employer":"Isonus","email":"dunncameron@isonus.com","city":"Virgie","state":"ND"}
{"account_number":617,"balance":35445,"firstname":"Kitty","lastname":"Cooley","age":22,"gender":"M","address":"788 Seagate Avenue","employer":"Ultrimax","email":"kittycooley@ultrimax.com","city":"Clarktown","state":"MD"}
{"account_number":624,"balance":27538,"firstname":"Roxanne","lastname":"Franklin","age":39,"gender":"F","address":"299 Woodrow Court","employer":"Silodyne","email":"roxannefranklin@silodyne.com","city":"Roulette","state":"VA"}
{"account_number":629,"balance":32987,"firstname":"Mcclure","lastname":"Rodgers","age":26,"gender":"M","address":"806 Pierrepont Place","employer":"Elita","email":"mcclurerodgers@elita.com","city":"Brownsville","state":"MI"}
{"account_number":631,"balance":21657,"firstname":"Corrine","lastname":"Barber","age":32,"gender":"F","address":"447 Hunts Lane","employer":"Quarmony","email":"corrinebarber@quarmony.com","city":"Wyano","state":"IL"}
{"account_number":636,"balance":8036,"firstname":"Agnes","lastname":"Hooper","age":25,"gender":"M","address":"865 Hanson Place","employer":"Digial","email":"agneshooper@digial.com","city":"Sperryville","state":"OK"}
{"account_number":643,"balance":8057,"firstname":"Hendricks","lastname":"Stokes","age":23,"gender":"F","address":"142 Barbey Street","employer":"Remotion","email":"hendricksstokes@remotion.com","city":"Lewis","state":"MA"}
{"account_number":648,"balance":11506,"firstname":"Terry","lastname":"Montgomery","age":21,"gender":"F","address":"115 Franklin Avenue","employer":"Enervate","email":"terrymontgomery@enervate.com","city":"Bascom","state":"MA"}
{"account_number":650,"balance":18091,"firstname":"Benton","lastname":"Knight","age":28,"gender":"F","address":"850 Aitken Place","employer":"Pholio","email":"bentonknight@pholio.com","city":"Cobbtown","state":"AL"}
{"account_number":655,"balance":22912,"firstname":"Eula","lastname":"Taylor","age":30,"gender":"M","address":"520 Orient Avenue","employer":"Miracula","email":"eulataylor@miracula.com","city":"Wacissa","state":"IN"}
{"account_number":662,"balance":10138,"firstname":"Daisy","lastname":"Burnett","age":33,"gender":"M","address":"114 Norman Avenue","employer":"Liquicom","email":"daisyburnett@liquicom.com","city":"Grahamtown","state":"MD"}
{"account_number":667,"balance":22559,"firstname":"Juliana","lastname":"Chase","age":32,"gender":"M","address":"496 Coleridge Street","employer":"Comtract","email":"julianachase@comtract.com","city":"Wilsonia","state":"NJ"}
{"account_number":674,"balance":36038,"firstname":"Watts","lastname":"Shannon","age":22,"gender":"F","address":"600 Story Street","employer":"Joviold","email":"wattsshannon@joviold.com","city":"Fairhaven","state":"ID"}
{"account_number":679,"balance":20149,"firstname":"Henrietta","lastname":"Bonner","age":33,"gender":"M","address":"461 Bond Street","employer":"Geekol","email":"henriettabonner@geekol.com","city":"Richville","state":"WA"}
{"account_number":681,"balance":34244,"firstname":"Velazquez","lastname":"Wolfe","age":33,"gender":"M","address":"773 Eckford Street","employer":"Zisis","email":"velazquezwolfe@zisis.com","city":"Smock","state":"ME"}
{"account_number":686,"balance":10116,"firstname":"Decker","lastname":"Mcclure","age":30,"gender":"F","address":"236 Commerce Street","employer":"Everest","email":"deckermcclure@everest.com","city":"Gibbsville","state":"TN"}
{"account_number":693,"balance":31233,"firstname":"Tabatha","lastname":"Zimmerman","age":30,"gender":"F","address":"284 Emmons Avenue","employer":"Pushcart","email":"tabathazimmerman@pushcart.com","city":"Esmont","state":"NC"}
{"account_number":698,"balance":14965,"firstname":"Baker","lastname":"Armstrong","age":36,"gender":"F","address":"796 Tehama Street","employer":"Nurplex","email":"bakerarmstrong@nurplex.com","city":"Starks","state":"UT"}
{"account_number":701,"balance":23772,"firstname":"Gardner","lastname":"Griffith","age":27,"gender":"M","address":"187 Moore Place","employer":"Vertide","email":"gardnergriffith@vertide.com","city":"Coventry","state":"NV"}
{"account_number":706,"balance":5282,"firstname":"Eliza","lastname":"Potter","age":39,"gender":"M","address":"945 Dunham Place","employer":"Playce","email":"elizapotter@playce.com","city":"Woodruff","state":"AK"}
{"account_number":713,"balance":20054,"firstname":"Iris","lastname":"Mcguire","age":21,"gender":"F","address":"508 Benson Avenue","employer":"Duflex","email":"irismcguire@duflex.com","city":"Hillsboro","state":"MO"}
{"account_number":718,"balance":13876,"firstname":"Hickman","lastname":"Dillard","age":22,"gender":"F","address":"132 Etna Street","employer":"Genmy","email":"hickmandillard@genmy.com","city":"Curtice","state":"NV"}
{"account_number":720,"balance":31356,"firstname":"Ruth","lastname":"Vance","age":32,"gender":"F","address":"229 Adams Street","employer":"Zilidium","email":"ruthvance@zilidium.com","city":"Allison","state":"IA"}
{"account_number":725,"balance":14677,"firstname":"Reeves","lastname":"Tillman","age":26,"gender":"M","address":"674 Ivan Court","employer":"Cemention","email":"reevestillman@cemention.com","city":"Navarre","state":"MA"}
{"account_number":732,"balance":38445,"firstname":"Delia","lastname":"Cruz","age":37,"gender":"F","address":"870 Cheever Place","employer":"Multron","email":"deliacruz@multron.com","city":"Cresaptown","state":"NH"}
{"account_number":737,"balance":40431,"firstname":"Sampson","lastname":"Yates","age":23,"gender":"F","address":"214 Cox Place","employer":"Signidyne","email":"sampsonyates@signidyne.com","city":"Brazos","state":"GA"}
{"account_number":744,"balance":8690,"firstname":"Bernard","lastname":"Martinez","age":21,"gender":"M","address":"148 Dunne Place","employer":"Dragbot","email":"bernardmartinez@dragbot.com","city":"Moraida","state":"MN"}
{"account_number":749,"balance":1249,"firstname":"Rush","lastname":"Boyle","age":36,"gender":"M","address":"310 Argyle Road","employer":"Sportan","email":"rushboyle@sportan.com","city":"Brady","state":"WA"}
{"account_number":751,"balance":49252,"firstname":"Patrick","lastname":"Osborne","age":23,"gender":"M","address":"915 Prospect Avenue","employer":"Gynko","email":"patrickosborne@gynko.com","city":"Takilma","state":"MO"}
{"account_number":756,"balance":40006,"firstname":"Jasmine","lastname":"Howell","age":32,"gender":"M","address":"605 Elliott Walk","employer":"Ecratic","email":"jasminehowell@ecratic.com","city":"Harrodsburg","state":"OH"}
{"account_number":763,"balance":12091,"firstname":"Liz","lastname":"Bentley","age":22,"gender":"F","address":"933 Debevoise Avenue","employer":"Nipaz","email":"lizbentley@nipaz.com","city":"Glenville","state":"NJ"}
{"account_number":768,"balance":2213,"firstname":"Sondra","lastname":"Soto","age":21,"gender":"M","address":"625 Colonial Road","employer":"Navir","email":"sondrasoto@navir.com","city":"Benson","state":"VA"}
{"account_number":770,"balance":39505,"firstname":"Joann","lastname":"Crane","age":26,"gender":"M","address":"798 Farragut Place","employer":"Lingoage","email":"joanncrane@lingoage.com","city":"Kirk","state":"MA"}
{"account_number":775,"balance":27943,"firstname":"Wilson","lastname":"Merritt","age":33,"gender":"F","address":"288 Thornton Street","employer":"Geeky","email":"wilsonmerritt@geeky.com","city":"Holtville","state":"HI"}
{"account_number":782,"balance":3960,"firstname":"Maldonado","lastname":"Craig","age":36,"gender":"F","address":"345 Myrtle Avenue","employer":"Zilencio","email":"maldonadocraig@zilencio.com","city":"Yukon","state":"ID"}
{"account_number":787,"balance":11876,"firstname":"Harper","lastname":"Wynn","age":21,"gender":"F","address":"139 Oceanic Avenue","employer":"Interfind","email":"harperwynn@interfind.com","city":"Gerber","state":"ND"}
{"account_number":794,"balance":16491,"firstname":"Walker","lastname":"Charles","age":32,"gender":"M","address":"215 Kenilworth Place","employer":"Orbin","email":"walkercharles@orbin.com","city":"Rivers","state":"WI"}
{"account_number":799,"balance":2889,"firstname":"Myra","lastname":"Guerra","age":28,"gender":"F","address":"625 Dahlgreen Place","employer":"Digigene","email":"myraguerra@digigene.com","city":"Draper","state":"CA"}
{"account_number":802,"balance":19630,"firstname":"Gracie","lastname":"Foreman","age":40,"gender":"F","address":"219 Kent Avenue","employer":"Supportal","email":"gracieforeman@supportal.com","city":"Westboro","state":"NH"}
{"account_number":807,"balance":29206,"firstname":"Hatfield","lastname":"Lowe","age":23,"gender":"M","address":"499 Adler Place","employer":"Lovepad","email":"hatfieldlowe@lovepad.com","city":"Wiscon","state":"DC"}
{"account_number":814,"balance":9838,"firstname":"Morse","lastname":"Mcbride","age":26,"gender":"F","address":"776 Calyer Street","employer":"Inear","email":"morsemcbride@inear.com","city":"Kingstowne","state":"ND"}
{"account_number":819,"balance":3971,"firstname":"Karyn","lastname":"Medina","age":24,"gender":"F","address":"417 Utica Avenue","employer":"Qnekt","email":"karynmedina@qnekt.com","city":"Kerby","state":"WY"}
{"account_number":821,"balance":33271,"firstname":"Trisha","lastname":"Blankenship","age":22,"gender":"M","address":"329 Jamaica Avenue","employer":"Chorizon","email":"trishablankenship@chorizon.com","city":"Sexton","state":"VT"}
{"account_number":826,"balance":11548,"firstname":"Summers","lastname":"Vinson","age":22,"gender":"F","address":"742 Irwin Street","employer":"Globoil","email":"summersvinson@globoil.com","city":"Callaghan","state":"WY"}
{"account_number":833,"balance":46154,"firstname":"Woodward","lastname":"Hood","age":22,"gender":"M","address":"398 Atkins Avenue","employer":"Zedalis","email":"woodwardhood@zedalis.com","city":"Stonybrook","state":"NE"}
{"account_number":838,"balance":24629,"firstname":"Latonya","lastname":"Blake","age":37,"gender":"F","address":"531 Milton Street","employer":"Rugstars","email":"latonyablake@rugstars.com","city":"Tedrow","state":"WA"}
{"account_number":840,"balance":39615,"firstname":"Boone","lastname":"Gomez","age":38,"gender":"M","address":"256 Hampton Place","employer":"Geekular","email":"boonegomez@geekular.com","city":"Westerville","state":"HI"}
{"account_number":845,"balance":35422,"firstname":"Tracy","lastname":"Vaughn","age":39,"gender":"M","address":"645 Rockaway Parkway","employer":"Andryx","email":"tracyvaughn@andryx.com","city":"Wilmington","state":"ME"}
{"account_number":852,"balance":6041,"firstname":"Allen","lastname":"Hammond","age":26,"gender":"M","address":"793 Essex Street","employer":"Tersanki","email":"allenhammond@tersanki.com","city":"Osmond","state":"NC"}
{"account_number":857,"balance":39678,"firstname":"Alyce","lastname":"Douglas","age":23,"gender":"M","address":"326 Robert Street","employer":"Earbang","email":"alycedouglas@earbang.com","city":"Thornport","state":"GA"}
{"account_number":864,"balance":21804,"firstname":"Duffy","lastname":"Anthony","age":23,"gender":"M","address":"582 Cooke Court","employer":"Schoolio","email":"duffyanthony@schoolio.com","city":"Brenton","state":"CO"}
{"account_number":869,"balance":43544,"firstname":"Corinne","lastname":"Robbins","age":25,"gender":"F","address":"732 Quentin Road","employer":"Orbaxter","email":"corinnerobbins@orbaxter.com","city":"Roy","state":"TN"}
{"account_number":871,"balance":35854,"firstname":"Norma","lastname":"Burt","age":32,"gender":"M","address":"934 Cyrus Avenue","employer":"Magnafone","email":"normaburt@magnafone.com","city":"Eden","state":"TN"}
{"account_number":876,"balance":48568,"firstname":"Brady","lastname":"Glover","age":21,"gender":"F","address":"565 Oceanview Avenue","employer":"Comvex","email":"bradyglover@comvex.com","city":"Noblestown","state":"ID"}
{"account_number":883,"balance":33679,"firstname":"Austin","lastname":"Jefferson","age":34,"gender":"M","address":"846 Lincoln Avenue","employer":"Polarax","email":"austinjefferson@polarax.com","city":"Savannah","state":"CT"}
{"account_number":888,"balance":22277,"firstname":"Myrna","lastname":"Herman","age":39,"gender":"F","address":"649 Harwood Place","employer":"Enthaze","email":"myrnaherman@enthaze.com","city":"Idamay","state":"AR"}
{"account_number":890,"balance":31198,"firstname":"Alvarado","lastname":"Pate","age":25,"gender":"M","address":"269 Ashland Place","employer":"Ovolo","email":"alvaradopate@ovolo.com","city":"Volta","state":"MI"}
{"account_number":895,"balance":7327,"firstname":"Lara","lastname":"Mcdaniel","age":36,"gender":"M","address":"854 Willow Place","employer":"Acusage","email":"laramcdaniel@acusage.com","city":"Imperial","state":"NC"}
{"account_number":903,"balance":10238,"firstname":"Wade","lastname":"Page","age":35,"gender":"F","address":"685 Waldorf Court","employer":"Eplosion","email":"wadepage@eplosion.com","city":"Welda","state":"AL"}
{"account_number":908,"balance":45975,"firstname":"Mosley","lastname":"Holloway","age":31,"gender":"M","address":"929 Eldert Lane","employer":"Anivet","email":"mosleyholloway@anivet.com","city":"Biehle","state":"MS"}
{"account_number":910,"balance":36831,"firstname":"Esmeralda","lastname":"James","age":23,"gender":"F","address":"535 High Street","employer":"Terrasys","email":"esmeraldajames@terrasys.com","city":"Dubois","state":"IN"}
{"account_number":915,"balance":19816,"firstname":"Farrell","lastname":"French","age":35,"gender":"F","address":"126 McKibbin Street","employer":"Techmania","email":"farrellfrench@techmania.com","city":"Wescosville","state":"AL"}
{"account_number":922,"balance":39347,"firstname":"Irwin","lastname":"Pugh","age":32,"gender":"M","address":"463 Shale Street","employer":"Idego","email":"irwinpugh@idego.com","city":"Ivanhoe","state":"ID"}
{"account_number":927,"balance":19976,"firstname":"Jeanette","lastname":"Acevedo","age":26,"gender":"M","address":"694 Polhemus Place","employer":"Halap","email":"jeanetteacevedo@halap.com","city":"Harrison","state":"MO"}
{"account_number":934,"balance":43987,"firstname":"Freida","lastname":"Daniels","age":34,"gender":"M","address":"448 Cove Lane","employer":"Vurbo","email":"freidadaniels@vurbo.com","city":"Snelling","state":"NJ"}
{"account_number":939,"balance":31228,"firstname":"Hodges","lastname":"Massey","age":37,"gender":"F","address":"431 Dahl Court","employer":"Kegular","email":"hodgesmassey@kegular.com","city":"Katonah","state":"MD"}
{"account_number":941,"balance":38796,"firstname":"Kim","lastname":"Moss","age":28,"gender":"F","address":"105 Onderdonk Avenue","employer":"Digirang","email":"kimmoss@digirang.com","city":"Centerville","state":"TX"}
{"account_number":946,"balance":42794,"firstname":"Ina","lastname":"Obrien","age":36,"gender":"M","address":"339 Rewe Street","employer":"Eclipsent","email":"inaobrien@eclipsent.com","city":"Soham","state":"RI"}
{"account_number":953,"balance":1110,"firstname":"Baxter","lastname":"Black","age":27,"gender":"M","address":"720 Stillwell Avenue","employer":"Uplinx","email":"baxterblack@uplinx.com","city":"Drummond","state":"MN"}
{"account_number":958,"balance":32849,"firstname":"Brown","lastname":"Wilkins","age":40,"gender":"M","address":"686 Delmonico Place","employer":"Medesign","email":"brownwilkins@medesign.com","city":"Shelby","state":"WY"}
{"account_number":960,"balance":2905,"firstname":"Curry","lastname":"Vargas","age":40,"gender":"M","address":"242 Blake Avenue","employer":"Pearlesex","email":"curryvargas@pearlesex.com","city":"Henrietta","state":"NH"}
{"account_number":965,"balance":21882,"firstname":"Patrica","lastname":"Melton","age":28,"gender":"M","address":"141 Rodney Street","employer":"Flexigen","email":"patricamelton@flexigen.com","city":"Klagetoh","state":"MD"}
{"account_number":972,"balance":24719,"firstname":"Leona","lastname":"Christian","age":26,"gender":"F","address":"900 Woodpoint Road","employer":"Extrawear","email":"leonachristian@extrawear.com","city":"Roderfield","state":"MA"}
{"account_number":977,"balance":6744,"firstname":"Rodgers","lastname":"Mccray","age":21,"gender":"F","address":"612 Duryea Place","employer":"Papricut","email":"rodgersmccray@papricut.com","city":"Marenisco","state":"MD"}
{"account_number":984,"balance":1904,"firstname":"Viola","lastname":"Crawford","age":35,"gender":"F","address":"354 Linwood Street","employer":"Ginkle","email":"violacrawford@ginkle.com","city":"Witmer","state":"AR"}
{"account_number":989,"balance":48622,"firstname":"Franklin","lastname":"Frank","age":38,"gender":"M","address":"270 Carlton Avenue","employer":"Shopabout","email":"franklinfrank@shopabout.com","city":"Guthrie","state":"NC"}
{"account_number":991,"balance":4239,"firstname":"Connie","lastname":"Berry","age":28,"gender":"F","address":"647 Gardner Avenue","employer":"Flumbo","email":"connieberry@flumbo.com","city":"Frierson","state":"MO"}
{"account_number":996,"balance":17541,"firstname":"Andrews","lastname":"Herrera","age":30,"gender":"F","address":"570 Vandam Street","employer":"Klugger","email":"andrewsherrera@klugger.com","city":"Whitehaven","state":"MN"}
{"account_number":0,"balance":16623,"firstname":"Bradshaw","lastname":"Mckenzie","age":29,"gender":"F","address":"244 Columbus Place","employer":"Euron","email":"bradshawmckenzie@euron.com","city":"Hobucken","state":"CO"}
{"account_number":5,"balance":29342,"firstname":"Leola","lastname":"Stewart","age":30,"gender":"F","address":"311 Elm Place","employer":"Diginetic","email":"leolastewart@diginetic.com","city":"Fairview","state":"NJ"}
{"account_number":12,"balance":37055,"firstname":"Stafford","lastname":"Brock","age":20,"gender":"F","address":"296 Wythe Avenue","employer":"Uncorp","email":"staffordbrock@uncorp.com","city":"Bend","state":"AL"}
{"account_number":17,"balance":7831,"firstname":"Bessie","lastname":"Orr","age":31,"gender":"F","address":"239 Hinsdale Street","employer":"Skyplex","email":"bessieorr@skyplex.com","city":"Graball","state":"FL"}
{"account_number":24,"balance":44182,"firstname":"Wood","lastname":"Dale","age":39,"gender":"M","address":"582 Gelston Avenue","employer":"Besto","email":"wooddale@besto.com","city":"Juntura","state":"MI"}
{"account_number":29,"balance":27323,"firstname":"Leah","lastname":"Santiago","age":33,"gender":"M","address":"193 Schenck Avenue","employer":"Isologix","email":"leahsantiago@isologix.com","city":"Gerton","state":"ND"}
{"account_number":31,"balance":30443,"firstname":"Kristen","lastname":"Santana","age":22,"gender":"F","address":"130 Middagh Street","employer":"Dogspa","email":"kristensantana@dogspa.com","city":"Vale","state":"MA"}
{"account_number":36,"balance":15902,"firstname":"Alexandra","lastname":"Nguyen","age":39,"gender":"F","address":"389 Elizabeth Place","employer":"Bittor","email":"alexandranguyen@bittor.com","city":"Hemlock","state":"KY"}
{"account_number":43,"balance":33474,"firstname":"Ryan","lastname":"Howe","age":25,"gender":"M","address":"660 Huntington Street","employer":"Microluxe","email":"ryanhowe@microluxe.com","city":"Clara","state":"CT"}
{"account_number":48,"balance":40608,"firstname":"Peck","lastname":"Downs","age":39,"gender":"F","address":"594 Dwight Street","employer":"Ramjob","email":"peckdowns@ramjob.com","city":"Coloma","state":"WA"}
{"account_number":50,"balance":43695,"firstname":"Sheena","lastname":"Kirkland","age":33,"gender":"M","address":"598 Bank Street","employer":"Zerbina","email":"sheenakirkland@zerbina.com","city":"Walland","state":"IN"}
{"account_number":55,"balance":22020,"firstname":"Shelia","lastname":"Puckett","age":33,"gender":"M","address":"265 Royce Place","employer":"Izzby","email":"sheliapuckett@izzby.com","city":"Slovan","state":"HI"}
{"account_number":62,"balance":43065,"firstname":"Lester","lastname":"Stanton","age":37,"gender":"M","address":"969 Doughty Street","employer":"Geekko","email":"lesterstanton@geekko.com","city":"Itmann","state":"DC"}
{"account_number":67,"balance":39430,"firstname":"Isabelle","lastname":"Spence","age":39,"gender":"M","address":"718 Troy Avenue","employer":"Geeketron","email":"isabellespence@geeketron.com","city":"Camptown","state":"WA"}
{"account_number":74,"balance":47167,"firstname":"Lauri","lastname":"Saunders","age":38,"gender":"F","address":"768 Lynch Street","employer":"Securia","email":"laurisaunders@securia.com","city":"Caroline","state":"TN"}
{"account_number":79,"balance":28185,"firstname":"Booker","lastname":"Lowery","age":29,"gender":"M","address":"817 Campus Road","employer":"Sensate","email":"bookerlowery@sensate.com","city":"Carlos","state":"MT"}
{"account_number":81,"balance":46568,"firstname":"Dennis","lastname":"Gilbert","age":40,"gender":"M","address":"619 Minna Street","employer":"Melbacor","email":"dennisgilbert@melbacor.com","city":"Kersey","state":"ND"}
{"account_number":86,"balance":15428,"firstname":"Walton","lastname":"Butler","age":36,"gender":"M","address":"999 Schenck Street","employer":"Unisure","email":"waltonbutler@unisure.com","city":"Bentonville","state":"IL"}
{"account_number":93,"balance":17728,"firstname":"Jeri","lastname":"Booth","age":31,"gender":"M","address":"322 Roosevelt Court","employer":"Geekology","email":"jeribooth@geekology.com","city":"Leming","state":"ND"}
{"account_number":98,"balance":15085,"firstname":"Cora","lastname":"Barrett","age":24,"gender":"F","address":"555 Neptune Court","employer":"Kiosk","email":"corabarrett@kiosk.com","city":"Independence","state":"MN"}
{"account_number":101,"balance":43400,"firstname":"Cecelia","lastname":"Grimes","age":31,"gender":"M","address":"972 Lincoln Place","employer":"Ecosys","email":"ceceliagrimes@ecosys.com","city":"Manchester","state":"AR"}
{"account_number":106,"balance":8212,"firstname":"Josefina","lastname":"Wagner","age":36,"gender":"M","address":"418 Estate Road","employer":"Kyaguru","email":"josefinawagner@kyaguru.com","city":"Darbydale","state":"FL"}
{"account_number":113,"balance":41652,"firstname":"Burt","lastname":"Moses","age":27,"gender":"M","address":"633 Berry Street","employer":"Uni","email":"burtmoses@uni.com","city":"Russellville","state":"CT"}
{"account_number":118,"balance":2223,"firstname":"Ballard","lastname":"Vasquez","age":33,"gender":"F","address":"101 Bush Street","employer":"Intergeek","email":"ballardvasquez@intergeek.com","city":"Century","state":"MN"}
{"account_number":120,"balance":38565,"firstname":"Browning","lastname":"Rodriquez","age":33,"gender":"M","address":"910 Moore Street","employer":"Opportech","email":"browningrodriquez@opportech.com","city":"Cutter","state":"ND"}
{"account_number":125,"balance":5396,"firstname":"Tanisha","lastname":"Dixon","age":30,"gender":"M","address":"482 Hancock Street","employer":"Junipoor","email":"tanishadixon@junipoor.com","city":"Wauhillau","state":"IA"}
{"account_number":132,"balance":37707,"firstname":"Horton","lastname":"Romero","age":35,"gender":"M","address":"427 Rutherford Place","employer":"Affluex","email":"hortonromero@affluex.com","city":"Hall","state":"AK"}
{"account_number":137,"balance":3596,"firstname":"Frost","lastname":"Freeman","age":29,"gender":"F","address":"191 Dennett Place","employer":"Beadzza","email":"frostfreeman@beadzza.com","city":"Sabillasville","state":"HI"}
{"account_number":144,"balance":43257,"firstname":"Evans","lastname":"Dyer","age":30,"gender":"F","address":"912 Post Court","employer":"Magmina","email":"evansdyer@magmina.com","city":"Gordon","state":"HI"}
{"account_number":149,"balance":22994,"firstname":"Megan","lastname":"Gonzales","age":21,"gender":"M","address":"836 Tampa Court","employer":"Andershun","email":"megangonzales@andershun.com","city":"Rockhill","state":"AL"}
{"account_number":151,"balance":34473,"firstname":"Kent","lastname":"Joyner","age":20,"gender":"F","address":"799 Truxton Street","employer":"Kozgene","email":"kentjoyner@kozgene.com","city":"Allamuchy","state":"DC"}
{"account_number":156,"balance":40185,"firstname":"Sloan","lastname":"Pennington","age":24,"gender":"F","address":"573 Opal Court","employer":"Hopeli","email":"sloanpennington@hopeli.com","city":"Evergreen","state":"CT"}
{"account_number":163,"balance":43075,"firstname":"Wilda","lastname":"Norman","age":33,"gender":"F","address":"173 Beadel Street","employer":"Kog","email":"wildanorman@kog.com","city":"Bodega","state":"ME"}
{"account_number":168,"balance":49568,"firstname":"Carissa","lastname":"Simon","age":20,"gender":"M","address":"975 Flatbush Avenue","employer":"Zillacom","email":"carissasimon@zillacom.com","city":"Neibert","state":"IL"}
{"account_number":170,"balance":6025,"firstname":"Mann","lastname":"Madden","age":36,"gender":"F","address":"161 Radde Place","employer":"Farmex","email":"mannmadden@farmex.com","city":"Thermal","state":"LA"}
{"account_number":175,"balance":16213,"firstname":"Montoya","lastname":"Donaldson","age":28,"gender":"F","address":"481 Morton Street","employer":"Envire","email":"montoyadonaldson@envire.com","city":"Delco","state":"MA"}
{"account_number":182,"balance":7803,"firstname":"Manuela","lastname":"Dillon","age":21,"gender":"M","address":"742 Garnet Street","employer":"Moreganic","email":"manueladillon@moreganic.com","city":"Ilchester","state":"TX"}
{"account_number":187,"balance":26581,"firstname":"Autumn","lastname":"Hodges","age":35,"gender":"M","address":"757 Granite Street","employer":"Ezentia","email":"autumnhodges@ezentia.com","city":"Martinsville","state":"KY"}
{"account_number":194,"balance":16311,"firstname":"Beck","lastname":"Rosario","age":39,"gender":"M","address":"721 Cambridge Place","employer":"Zoid","email":"beckrosario@zoid.com","city":"Efland","state":"ID"}
{"account_number":199,"balance":18086,"firstname":"Branch","lastname":"Love","age":26,"gender":"M","address":"458 Commercial Street","employer":"Frolix","email":"branchlove@frolix.com","city":"Caspar","state":"NC"}
{"account_number":202,"balance":26466,"firstname":"Medina","lastname":"Brown","age":31,"gender":"F","address":"519 Sunnyside Court","employer":"Bleendot","email":"medinabrown@bleendot.com","city":"Winfred","state":"MI"}
{"account_number":207,"balance":45535,"firstname":"Evelyn","lastname":"Lara","age":35,"gender":"F","address":"636 Chestnut Street","employer":"Ultrasure","email":"evelynlara@ultrasure.com","city":"Logan","state":"MI"}
{"account_number":214,"balance":24418,"firstname":"Luann","lastname":"Faulkner","age":37,"gender":"F","address":"697 Hazel Court","employer":"Zolar","email":"luannfaulkner@zolar.com","city":"Ticonderoga","state":"TX"}
{"account_number":219,"balance":17127,"firstname":"Edwards","lastname":"Hurley","age":25,"gender":"M","address":"834 Stockholm Street","employer":"Austech","email":"edwardshurley@austech.com","city":"Bayview","state":"NV"}
{"account_number":221,"balance":15803,"firstname":"Benjamin","lastname":"Barrera","age":34,"gender":"M","address":"568 Main Street","employer":"Zaphire","email":"benjaminbarrera@zaphire.com","city":"Germanton","state":"WY"}
{"account_number":226,"balance":37720,"firstname":"Wilkins","lastname":"Brady","age":40,"gender":"F","address":"486 Baltic Street","employer":"Dogtown","email":"wilkinsbrady@dogtown.com","city":"Condon","state":"MT"}
{"account_number":233,"balance":23020,"firstname":"Washington","lastname":"Walsh","age":27,"gender":"M","address":"366 Church Avenue","employer":"Candecor","email":"washingtonwalsh@candecor.com","city":"Westphalia","state":"MA"}
{"account_number":238,"balance":21287,"firstname":"Constance","lastname":"Wong","age":28,"gender":"M","address":"496 Brown Street","employer":"Grainspot","email":"constancewong@grainspot.com","city":"Cecilia","state":"IN"}
{"account_number":240,"balance":49741,"firstname":"Oconnor","lastname":"Clay","age":35,"gender":"F","address":"659 Highland Boulevard","employer":"Franscene","email":"oconnorclay@franscene.com","city":"Kilbourne","state":"NH"}
{"account_number":245,"balance":22026,"firstname":"Fran","lastname":"Bolton","age":28,"gender":"F","address":"147 Jerome Street","employer":"Solaren","email":"franbolton@solaren.com","city":"Nash","state":"RI"}
{"account_number":252,"balance":18831,"firstname":"Elvia","lastname":"Poole","age":22,"gender":"F","address":"836 Delevan Street","employer":"Velity","email":"elviapoole@velity.com","city":"Groveville","state":"MI"}
{"account_number":257,"balance":5318,"firstname":"Olive","lastname":"Oneil","age":35,"gender":"F","address":"457 Decatur Street","employer":"Helixo","email":"oliveoneil@helixo.com","city":"Chicopee","state":"MI"}
{"account_number":264,"balance":22084,"firstname":"Samantha","lastname":"Ferrell","age":35,"gender":"F","address":"488 Fulton Street","employer":"Flum","email":"samanthaferrell@flum.com","city":"Brandywine","state":"MT"}
{"account_number":269,"balance":43317,"firstname":"Crosby","lastname":"Figueroa","age":34,"gender":"M","address":"910 Aurelia Court","employer":"Pyramia","email":"crosbyfigueroa@pyramia.com","city":"Leyner","state":"OH"}
{"account_number":271,"balance":11864,"firstname":"Holt","lastname":"Walter","age":30,"gender":"F","address":"645 Poplar Avenue","employer":"Grupoli","email":"holtwalter@grupoli.com","city":"Mansfield","state":"OR"}
{"account_number":276,"balance":11606,"firstname":"Pittman","lastname":"Mathis","age":23,"gender":"F","address":"567 Charles Place","employer":"Zuvy","email":"pittmanmathis@zuvy.com","city":"Roeville","state":"KY"}
{"account_number":283,"balance":24070,"firstname":"Fuentes","lastname":"Foley","age":30,"gender":"M","address":"729 Walker Court","employer":"Knowlysis","email":"fuentesfoley@knowlysis.com","city":"Tryon","state":"TN"}
{"account_number":288,"balance":27243,"firstname":"Wong","lastname":"Stone","age":39,"gender":"F","address":"440 Willoughby Street","employer":"Zentix","email":"wongstone@zentix.com","city":"Wheatfields","state":"DC"}
{"account_number":290,"balance":26103,"firstname":"Neva","lastname":"Burgess","age":37,"gender":"F","address":"985 Wyona Street","employer":"Slofast","email":"nevaburgess@slofast.com","city":"Cawood","state":"DC"}
{"account_number":295,"balance":37358,"firstname":"Howe","lastname":"Nash","age":20,"gender":"M","address":"833 Union Avenue","employer":"Aquacine","email":"howenash@aquacine.com","city":"Indio","state":"MN"}
{"account_number":303,"balance":21976,"firstname":"Huffman","lastname":"Green","age":24,"gender":"F","address":"455 Colby Court","employer":"Comtest","email":"huffmangreen@comtest.com","city":"Weeksville","state":"UT"}
{"account_number":308,"balance":33989,"firstname":"Glass","lastname":"Schroeder","age":25,"gender":"F","address":"670 Veterans Avenue","employer":"Realmo","email":"glassschroeder@realmo.com","city":"Gratton","state":"NY"}
{"account_number":310,"balance":23049,"firstname":"Shannon","lastname":"Morton","age":39,"gender":"F","address":"412 Pleasant Place","employer":"Ovation","email":"shannonmorton@ovation.com","city":"Edgar","state":"AZ"}
{"account_number":315,"balance":1314,"firstname":"Clare","lastname":"Morrow","age":33,"gender":"F","address":"728 Madeline Court","employer":"Gaptec","email":"claremorrow@gaptec.com","city":"Mapletown","state":"PA"}
{"account_number":322,"balance":6303,"firstname":"Gilliam","lastname":"Horne","age":27,"gender":"M","address":"414 Florence Avenue","employer":"Shepard","email":"gilliamhorne@shepard.com","city":"Winesburg","state":"WY"}
{"account_number":327,"balance":29294,"firstname":"Nell","lastname":"Contreras","age":27,"gender":"M","address":"694 Gold Street","employer":"Momentia","email":"nellcontreras@momentia.com","city":"Cumminsville","state":"AL"}
{"account_number":334,"balance":9178,"firstname":"Cross","lastname":"Floyd","age":21,"gender":"F","address":"815 Herkimer Court","employer":"Maroptic","email":"crossfloyd@maroptic.com","city":"Kraemer","state":"AK"}
{"account_number":339,"balance":3992,"firstname":"Franco","lastname":"Welch","age":38,"gender":"F","address":"776 Brightwater Court","employer":"Earthplex","email":"francowelch@earthplex.com","city":"Naomi","state":"ME"}
{"account_number":341,"balance":44367,"firstname":"Alberta","lastname":"Bradford","age":30,"gender":"F","address":"670 Grant Avenue","employer":"Bugsall","email":"albertabradford@bugsall.com","city":"Romeville","state":"MT"}
{"account_number":346,"balance":26594,"firstname":"Shelby","lastname":"Sanchez","age":36,"gender":"F","address":"257 Fillmore Avenue","employer":"Geekus","email":"shelbysanchez@geekus.com","city":"Seymour","state":"CO"}
{"account_number":353,"balance":45182,"firstname":"Rivera","lastname":"Sherman","age":37,"gender":"M","address":"603 Garden Place","employer":"Bovis","email":"riverasherman@bovis.com","city":"Otranto","state":"CA"}
{"account_number":358,"balance":44043,"firstname":"Hale","lastname":"Baldwin","age":40,"gender":"F","address":"845 Menahan Street","employer":"Kidgrease","email":"halebaldwin@kidgrease.com","city":"Day","state":"AK"}
{"account_number":360,"balance":26651,"firstname":"Ward","lastname":"Hicks","age":34,"gender":"F","address":"592 Brighton Court","employer":"Biotica","email":"wardhicks@biotica.com","city":"Kanauga","state":"VT"}
{"account_number":365,"balance":3176,"firstname":"Sanders","lastname":"Holder","age":31,"gender":"F","address":"453 Cypress Court","employer":"Geekola","email":"sandersholder@geekola.com","city":"Staples","state":"TN"}
{"account_number":372,"balance":28566,"firstname":"Alba","lastname":"Forbes","age":24,"gender":"M","address":"814 Meserole Avenue","employer":"Isostream","email":"albaforbes@isostream.com","city":"Clarence","state":"OR"}
{"account_number":377,"balance":5374,"firstname":"Margo","lastname":"Gay","age":34,"gender":"F","address":"613 Chase Court","employer":"Rotodyne","email":"margogay@rotodyne.com","city":"Waumandee","state":"KS"}
{"account_number":384,"balance":48758,"firstname":"Sallie","lastname":"Houston","age":31,"gender":"F","address":"836 Polar Street","employer":"Squish","email":"salliehouston@squish.com","city":"Morningside","state":"NC"}
{"account_number":389,"balance":8839,"firstname":"York","lastname":"Cummings","age":27,"gender":"M","address":"778 Centre Street","employer":"Insurity","email":"yorkcummings@insurity.com","city":"Freeburn","state":"RI"}
{"account_number":391,"balance":14733,"firstname":"Holman","lastname":"Jordan","age":30,"gender":"M","address":"391 Forrest Street","employer":"Maineland","email":"holmanjordan@maineland.com","city":"Cade","state":"CT"}
{"account_number":396,"balance":14613,"firstname":"Marsha","lastname":"Elliott","age":38,"gender":"F","address":"297 Liberty Avenue","employer":"Orbiflex","email":"marshaelliott@orbiflex.com","city":"Windsor","state":"TX"}
{"account_number":404,"balance":34978,"firstname":"Massey","lastname":"Becker","age":26,"gender":"F","address":"930 Pitkin Avenue","employer":"Genekom","email":"masseybecker@genekom.com","city":"Blairstown","state":"OR"}
{"account_number":409,"balance":36960,"firstname":"Maura","lastname":"Glenn","age":31,"gender":"M","address":"183 Poly Place","employer":"Viagreat","email":"mauraglenn@viagreat.com","city":"Foscoe","state":"DE"}
{"account_number":411,"balance":1172,"firstname":"Guzman","lastname":"Whitfield","age":22,"gender":"M","address":"181 Perry Terrace","employer":"Springbee","email":"guzmanwhitfield@springbee.com","city":"Balm","state":"IN"}
{"account_number":416,"balance":27169,"firstname":"Hunt","lastname":"Schwartz","age":28,"gender":"F","address":"461 Havens Place","employer":"Danja","email":"huntschwartz@danja.com","city":"Grenelefe","state":"NV"}
{"account_number":423,"balance":38852,"firstname":"Hines","lastname":"Underwood","age":21,"gender":"F","address":"284 Louise Terrace","employer":"Namegen","email":"hinesunderwood@namegen.com","city":"Downsville","state":"CO"}
{"account_number":428,"balance":13925,"firstname":"Stephens","lastname":"Cain","age":20,"gender":"F","address":"189 Summit Street","employer":"Rocklogic","email":"stephenscain@rocklogic.com","city":"Bourg","state":"HI"}
{"account_number":430,"balance":15251,"firstname":"Alejandra","lastname":"Chavez","age":34,"gender":"M","address":"651 Butler Place","employer":"Gology","email":"alejandrachavez@gology.com","city":"Allensworth","state":"VT"}
{"account_number":435,"balance":14654,"firstname":"Sue","lastname":"Lopez","age":22,"gender":"F","address":"632 Stone Avenue","employer":"Emergent","email":"suelopez@emergent.com","city":"Waterford","state":"TN"}
{"account_number":442,"balance":36211,"firstname":"Lawanda","lastname":"Leon","age":27,"gender":"F","address":"126 Canal Avenue","employer":"Xixan","email":"lawandaleon@xixan.com","city":"Berwind","state":"TN"}
{"account_number":447,"balance":11402,"firstname":"Lucia","lastname":"Livingston","age":35,"gender":"M","address":"773 Lake Avenue","employer":"Soprano","email":"lucialivingston@soprano.com","city":"Edgewater","state":"TN"}
{"account_number":454,"balance":31687,"firstname":"Alicia","lastname":"Rollins","age":22,"gender":"F","address":"483 Verona Place","employer":"Boilcat","email":"aliciarollins@boilcat.com","city":"Lutsen","state":"MD"}
{"account_number":459,"balance":18869,"firstname":"Pamela","lastname":"Henry","age":20,"gender":"F","address":"361 Locust Avenue","employer":"Imageflow","email":"pamelahenry@imageflow.com","city":"Greenfields","state":"OH"}
{"account_number":461,"balance":38807,"firstname":"Mcbride","lastname":"Padilla","age":34,"gender":"F","address":"550 Borinquen Pl","employer":"Zepitope","email":"mcbridepadilla@zepitope.com","city":"Emory","state":"AZ"}
{"account_number":466,"balance":25109,"firstname":"Marcie","lastname":"Mcmillan","age":30,"gender":"F","address":"947 Gain Court","employer":"Entroflex","email":"marciemcmillan@entroflex.com","city":"Ronco","state":"ND"}
{"account_number":473,"balance":5391,"firstname":"Susan","lastname":"Luna","age":25,"gender":"F","address":"521 Bogart Street","employer":"Zaya","email":"susanluna@zaya.com","city":"Grazierville","state":"MI"}
{"account_number":478,"balance":28044,"firstname":"Dana","lastname":"Decker","age":35,"gender":"M","address":"627 Dobbin Street","employer":"Acrodance","email":"danadecker@acrodance.com","city":"Sharon","state":"MN"}
{"account_number":480,"balance":40807,"firstname":"Anastasia","lastname":"Parker","age":24,"gender":"M","address":"650 Folsom Place","employer":"Zilladyne","email":"anastasiaparker@zilladyne.com","city":"Oberlin","state":"WY"}
{"account_number":485,"balance":44235,"firstname":"Albert","lastname":"Roberts","age":40,"gender":"M","address":"385 Harman Street","employer":"Stralum","email":"albertroberts@stralum.com","city":"Watrous","state":"NM"}
{"account_number":492,"balance":31055,"firstname":"Burnett","lastname":"Briggs","age":35,"gender":"M","address":"987 Cass Place","employer":"Pharmex","email":"burnettbriggs@pharmex.com","city":"Cornfields","state":"TX"}
{"account_number":497,"balance":13493,"firstname":"Doyle","lastname":"Jenkins","age":30,"gender":"M","address":"205 Nevins Street","employer":"Unia","email":"doylejenkins@unia.com","city":"Nicut","state":"DC"}
{"account_number":500,"balance":39143,"firstname":"Pope","lastname":"Keith","age":28,"gender":"F","address":"537 Fane Court","employer":"Zboo","email":"popekeith@zboo.com","city":"Courtland","state":"AL"}
{"account_number":505,"balance":45493,"firstname":"Shelley","lastname":"Webb","age":29,"gender":"M","address":"873 Crawford Avenue","employer":"Quadeebo","email":"shelleywebb@quadeebo.com","city":"Topanga","state":"IL"}
{"account_number":512,"balance":47432,"firstname":"Alisha","lastname":"Morales","age":29,"gender":"M","address":"623 Batchelder Street","employer":"Terragen","email":"alishamorales@terragen.com","city":"Gilmore","state":"VA"}
{"account_number":517,"balance":3022,"firstname":"Allyson","lastname":"Walls","age":38,"gender":"F","address":"334 Coffey Street","employer":"Gorganic","email":"allysonwalls@gorganic.com","city":"Dahlen","state":"GA"}
{"account_number":524,"balance":49334,"firstname":"Salas","lastname":"Farley","age":30,"gender":"F","address":"499 Trucklemans Lane","employer":"Xumonk","email":"salasfarley@xumonk.com","city":"Noxen","state":"AL"}
{"account_number":529,"balance":21788,"firstname":"Deann","lastname":"Fisher","age":23,"gender":"F","address":"511 Buffalo Avenue","employer":"Twiist","email":"deannfisher@twiist.com","city":"Templeton","state":"WA"}
{"account_number":531,"balance":39770,"firstname":"Janet","lastname":"Pena","age":38,"gender":"M","address":"645 Livonia Avenue","employer":"Corecom","email":"janetpena@corecom.com","city":"Garberville","state":"OK"}
{"account_number":536,"balance":6255,"firstname":"Emma","lastname":"Adkins","age":33,"gender":"F","address":"971 Calder Place","employer":"Ontagene","email":"emmaadkins@ontagene.com","city":"Ruckersville","state":"GA"}
{"account_number":543,"balance":48022,"firstname":"Marina","lastname":"Rasmussen","age":31,"gender":"M","address":"446 Love Lane","employer":"Crustatia","email":"marinarasmussen@crustatia.com","city":"Statenville","state":"MD"}
{"account_number":548,"balance":36930,"firstname":"Sandra","lastname":"Andrews","age":37,"gender":"M","address":"973 Prospect Street","employer":"Datagene","email":"sandraandrews@datagene.com","city":"Inkerman","state":"MO"}
{"account_number":550,"balance":32238,"firstname":"Walsh","lastname":"Goodwin","age":22,"gender":"M","address":"953 Canda Avenue","employer":"Proflex","email":"walshgoodwin@proflex.com","city":"Ypsilanti","state":"MT"}
{"account_number":555,"balance":10750,"firstname":"Fannie","lastname":"Slater","age":31,"gender":"M","address":"457 Tech Place","employer":"Kineticut","email":"fannieslater@kineticut.com","city":"Basye","state":"MO"}
{"account_number":562,"balance":10737,"firstname":"Sarah","lastname":"Strong","age":39,"gender":"F","address":"177 Pioneer Street","employer":"Megall","email":"sarahstrong@megall.com","city":"Ladera","state":"WY"}
{"account_number":567,"balance":6507,"firstname":"Diana","lastname":"Dominguez","age":40,"gender":"M","address":"419 Albany Avenue","employer":"Ohmnet","email":"dianadominguez@ohmnet.com","city":"Wildwood","state":"TX"}
{"account_number":574,"balance":32954,"firstname":"Andrea","lastname":"Mosley","age":24,"gender":"M","address":"368 Throop Avenue","employer":"Musix","email":"andreamosley@musix.com","city":"Blende","state":"DC"}
{"account_number":579,"balance":12044,"firstname":"Banks","lastname":"Sawyer","age":36,"gender":"M","address":"652 Doone Court","employer":"Rooforia","email":"bankssawyer@rooforia.com","city":"Foxworth","state":"ND"}
{"account_number":581,"balance":16525,"firstname":"Fuller","lastname":"Mcintyre","age":32,"gender":"M","address":"169 Bergen Place","employer":"Applideck","email":"fullermcintyre@applideck.com","city":"Kenvil","state":"NY"}
{"account_number":586,"balance":13644,"firstname":"Love","lastname":"Velasquez","age":26,"gender":"F","address":"290 Girard Street","employer":"Zomboid","email":"lovevelasquez@zomboid.com","city":"Villarreal","state":"SD"}
{"account_number":593,"balance":41230,"firstname":"Muriel","lastname":"Vazquez","age":37,"gender":"M","address":"395 Montgomery Street","employer":"Sustenza","email":"murielvazquez@sustenza.com","city":"Strykersville","state":"OK"}
{"account_number":598,"balance":33251,"firstname":"Morgan","lastname":"Coleman","age":33,"gender":"M","address":"324 McClancy Place","employer":"Aclima","email":"morgancoleman@aclima.com","city":"Bowden","state":"WA"}
{"account_number":601,"balance":20796,"firstname":"Vickie","lastname":"Valentine","age":34,"gender":"F","address":"432 Bassett Avenue","employer":"Comvene","email":"vickievalentine@comvene.com","city":"Teasdale","state":"UT"}
{"account_number":606,"balance":28770,"firstname":"Michael","lastname":"Bray","age":31,"gender":"M","address":"935 Lake Place","employer":"Telepark","email":"michaelbray@telepark.com","city":"Lemoyne","state":"CT"}
{"account_number":613,"balance":39340,"firstname":"Eddie","lastname":"Mccarty","age":34,"gender":"F","address":"971 Richards Street","employer":"Bisba","email":"eddiemccarty@bisba.com","city":"Fruitdale","state":"NY"}
{"account_number":618,"balance":8976,"firstname":"Cheri","lastname":"Ford","age":30,"gender":"F","address":"803 Ridgewood Avenue","employer":"Zorromop","email":"cheriford@zorromop.com","city":"Gambrills","state":"VT"}
{"account_number":620,"balance":7224,"firstname":"Coleen","lastname":"Bartlett","age":38,"gender":"M","address":"761 Carroll Street","employer":"Idealis","email":"coleenbartlett@idealis.com","city":"Mathews","state":"DE"}
{"account_number":625,"balance":46010,"firstname":"Cynthia","lastname":"Johnston","age":23,"gender":"M","address":"142 Box Street","employer":"Zentry","email":"cynthiajohnston@zentry.com","city":"Makena","state":"MA"}
{"account_number":632,"balance":40470,"firstname":"Kay","lastname":"Warren","age":20,"gender":"F","address":"422 Alabama Avenue","employer":"Realysis","email":"kaywarren@realysis.com","city":"Homestead","state":"HI"}
{"account_number":637,"balance":3169,"firstname":"Kathy","lastname":"Carter","age":27,"gender":"F","address":"410 Jamison Lane","employer":"Limage","email":"kathycarter@limage.com","city":"Ernstville","state":"WA"}
{"account_number":644,"balance":44021,"firstname":"Etta","lastname":"Miller","age":21,"gender":"F","address":"376 Lawton Street","employer":"Bluegrain","email":"ettamiller@bluegrain.com","city":"Baker","state":"MD"}
{"account_number":649,"balance":20275,"firstname":"Jeanine","lastname":"Malone","age":26,"gender":"F","address":"114 Dodworth Street","employer":"Nixelt","email":"jeaninemalone@nixelt.com","city":"Keyport","state":"AK"}
{"account_number":651,"balance":18360,"firstname":"Young","lastname":"Reeves","age":34,"gender":"M","address":"581 Plaza Street","employer":"Krog","email":"youngreeves@krog.com","city":"Sussex","state":"WY"}
{"account_number":656,"balance":21632,"firstname":"Olson","lastname":"Hunt","age":36,"gender":"M","address":"342 Jaffray Street","employer":"Volax","email":"olsonhunt@volax.com","city":"Bangor","state":"WA"}
{"account_number":663,"balance":2456,"firstname":"Rollins","lastname":"Richards","age":37,"gender":"M","address":"129 Sullivan Place","employer":"Geostele","email":"rollinsrichards@geostele.com","city":"Morgandale","state":"FL"}
{"account_number":668,"balance":45069,"firstname":"Potter","lastname":"Michael","age":27,"gender":"M","address":"803 Glenmore Avenue","employer":"Ontality","email":"pottermichael@ontality.com","city":"Newkirk","state":"KS"}
{"account_number":670,"balance":10178,"firstname":"Ollie","lastname":"Riley","age":22,"gender":"M","address":"252 Jackson Place","employer":"Adornica","email":"ollieriley@adornica.com","city":"Brethren","state":"WI"}
{"account_number":675,"balance":36102,"firstname":"Fisher","lastname":"Shepard","age":27,"gender":"F","address":"859 Varick Street","employer":"Qot","email":"fishershepard@qot.com","city":"Diaperville","state":"MD"}
{"account_number":682,"balance":14168,"firstname":"Anne","lastname":"Hale","age":22,"gender":"F","address":"708 Anthony Street","employer":"Cytrek","email":"annehale@cytrek.com","city":"Beechmont","state":"WV"}
{"account_number":687,"balance":48630,"firstname":"Caroline","lastname":"Cox","age":31,"gender":"M","address":"626 Hillel Place","employer":"Opticon","email":"carolinecox@opticon.com","city":"Loma","state":"ND"}
{"account_number":694,"balance":33125,"firstname":"Craig","lastname":"Palmer","age":31,"gender":"F","address":"273 Montrose Avenue","employer":"Comvey","email":"craigpalmer@comvey.com","city":"Cleary","state":"OK"}
{"account_number":699,"balance":4156,"firstname":"Gallagher","lastname":"Marshall","age":37,"gender":"F","address":"648 Clifford Place","employer":"Exiand","email":"gallaghermarshall@exiand.com","city":"Belfair","state":"KY"}
{"account_number":702,"balance":46490,"firstname":"Meadows","lastname":"Delgado","age":26,"gender":"M","address":"612 Jardine Place","employer":"Daisu","email":"meadowsdelgado@daisu.com","city":"Venice","state":"AR"}
{"account_number":707,"balance":30325,"firstname":"Sonya","lastname":"Trevino","age":30,"gender":"F","address":"181 Irving Place","employer":"Atgen","email":"sonyatrevino@atgen.com","city":"Enetai","state":"TN"}
{"account_number":714,"balance":16602,"firstname":"Socorro","lastname":"Murray","age":34,"gender":"F","address":"810 Manhattan Court","employer":"Isoswitch","email":"socorromurray@isoswitch.com","city":"Jugtown","state":"AZ"}
{"account_number":719,"balance":33107,"firstname":"Leanna","lastname":"Reed","age":25,"gender":"F","address":"528 Krier Place","employer":"Rodeology","email":"leannareed@rodeology.com","city":"Carrizo","state":"WI"}
{"account_number":721,"balance":32958,"firstname":"Mara","lastname":"Dickson","age":26,"gender":"M","address":"810 Harrison Avenue","employer":"Comtours","email":"maradickson@comtours.com","city":"Thynedale","state":"DE"}
{"account_number":726,"balance":44737,"firstname":"Rosemary","lastname":"Salazar","age":21,"gender":"M","address":"290 Croton Loop","employer":"Rockabye","email":"rosemarysalazar@rockabye.com","city":"Helen","state":"IA"}
{"account_number":733,"balance":15722,"firstname":"Lakeisha","lastname":"Mccarthy","age":37,"gender":"M","address":"782 Turnbull Avenue","employer":"Exosis","email":"lakeishamccarthy@exosis.com","city":"Caberfae","state":"NM"}
{"account_number":738,"balance":44936,"firstname":"Rosalind","lastname":"Hunter","age":32,"gender":"M","address":"644 Eaton Court","employer":"Zolarity","email":"rosalindhunter@zolarity.com","city":"Cataract","state":"SD"}
{"account_number":740,"balance":6143,"firstname":"Chambers","lastname":"Hahn","age":22,"gender":"M","address":"937 Windsor Place","employer":"Medalert","email":"chambershahn@medalert.com","city":"Dorneyville","state":"DC"}
{"account_number":745,"balance":4572,"firstname":"Jacobs","lastname":"Sweeney","age":32,"gender":"M","address":"189 Lott Place","employer":"Comtent","email":"jacobssweeney@comtent.com","city":"Advance","state":"NJ"}
{"account_number":752,"balance":14039,"firstname":"Jerry","lastname":"Rush","age":31,"gender":"M","address":"632 Dank Court","employer":"Ebidco","email":"jerryrush@ebidco.com","city":"Geyserville","state":"AR"}
{"account_number":757,"balance":34628,"firstname":"Mccullough","lastname":"Moore","age":30,"gender":"F","address":"304 Hastings Street","employer":"Nikuda","email":"mcculloughmoore@nikuda.com","city":"Charco","state":"DC"}
{"account_number":764,"balance":3728,"firstname":"Noemi","lastname":"Gill","age":30,"gender":"M","address":"427 Chester Street","employer":"Avit","email":"noemigill@avit.com","city":"Chesterfield","state":"AL"}
{"account_number":769,"balance":15362,"firstname":"Francis","lastname":"Beck","age":28,"gender":"M","address":"454 Livingston Street","employer":"Furnafix","email":"francisbeck@furnafix.com","city":"Dunnavant","state":"HI"}
{"account_number":771,"balance":32784,"firstname":"Jocelyn","lastname":"Boone","age":23,"gender":"M","address":"513 Division Avenue","employer":"Collaire","email":"jocelynboone@collaire.com","city":"Lisco","state":"VT"}
{"account_number":776,"balance":29177,"firstname":"Duke","lastname":"Atkinson","age":24,"gender":"M","address":"520 Doscher Street","employer":"Tripsch","email":"dukeatkinson@tripsch.com","city":"Lafferty","state":"NC"}
{"account_number":783,"balance":11911,"firstname":"Faith","lastname":"Cooper","age":25,"gender":"F","address":"539 Rapelye Street","employer":"Insuron","email":"faithcooper@insuron.com","city":"Jennings","state":"MN"}
{"account_number":788,"balance":12473,"firstname":"Marianne","lastname":"Aguilar","age":39,"gender":"F","address":"213 Holly Street","employer":"Marqet","email":"marianneaguilar@marqet.com","city":"Alfarata","state":"HI"}
{"account_number":790,"balance":29912,"firstname":"Ellis","lastname":"Sullivan","age":39,"gender":"F","address":"877 Coyle Street","employer":"Enersave","email":"ellissullivan@enersave.com","city":"Canby","state":"MS"}
{"account_number":795,"balance":31450,"firstname":"Bruce","lastname":"Avila","age":34,"gender":"M","address":"865 Newkirk Placez","employer":"Plasmosis","email":"bruceavila@plasmosis.com","city":"Ada","state":"ID"}
{"account_number":803,"balance":49567,"firstname":"Marissa","lastname":"Spears","age":25,"gender":"M","address":"963 Highland Avenue","employer":"Centregy","email":"marissaspears@centregy.com","city":"Bloomington","state":"MS"}
{"account_number":808,"balance":11251,"firstname":"Nola","lastname":"Quinn","age":20,"gender":"M","address":"863 Wythe Place","employer":"Iplax","email":"nolaquinn@iplax.com","city":"Cuylerville","state":"NH"}
{"account_number":810,"balance":10563,"firstname":"Alyssa","lastname":"Ortega","age":40,"gender":"M","address":"977 Clymer Street","employer":"Eventage","email":"alyssaortega@eventage.com","city":"Convent","state":"SC"}
{"account_number":815,"balance":19336,"firstname":"Guthrie","lastname":"Morse","age":30,"gender":"M","address":"685 Vandalia Avenue","employer":"Gronk","email":"guthriemorse@gronk.com","city":"Fowlerville","state":"OR"}
{"account_number":822,"balance":13024,"firstname":"Hicks","lastname":"Farrell","age":25,"gender":"M","address":"468 Middleton Street","employer":"Zolarex","email":"hicksfarrell@zolarex.com","city":"Columbus","state":"OR"}
{"account_number":827,"balance":37536,"firstname":"Naomi","lastname":"Ball","age":29,"gender":"F","address":"319 Stewart Street","employer":"Isotronic","email":"naomiball@isotronic.com","city":"Trona","state":"NM"}
{"account_number":834,"balance":38049,"firstname":"Sybil","lastname":"Carrillo","age":25,"gender":"M","address":"359 Baughman Place","employer":"Phuel","email":"sybilcarrillo@phuel.com","city":"Kohatk","state":"CT"}
{"account_number":839,"balance":38292,"firstname":"Langley","lastname":"Neal","age":39,"gender":"F","address":"565 Newton Street","employer":"Liquidoc","email":"langleyneal@liquidoc.com","city":"Osage","state":"AL"}
{"account_number":841,"balance":28291,"firstname":"Dalton","lastname":"Waters","age":21,"gender":"M","address":"859 Grand Street","employer":"Malathion","email":"daltonwaters@malathion.com","city":"Tonopah","state":"AZ"}
{"account_number":846,"balance":35099,"firstname":"Maureen","lastname":"Glass","age":22,"gender":"M","address":"140 Amherst Street","employer":"Stelaecor","email":"maureenglass@stelaecor.com","city":"Cucumber","state":"IL"}
{"account_number":853,"balance":38353,"firstname":"Travis","lastname":"Parks","age":40,"gender":"M","address":"930 Bay Avenue","employer":"Pyramax","email":"travisparks@pyramax.com","city":"Gadsden","state":"ND"}
{"account_number":858,"balance":23194,"firstname":"Small","lastname":"Hatfield","age":36,"gender":"M","address":"593 Tennis Court","employer":"Letpro","email":"smallhatfield@letpro.com","city":"Haena","state":"KS"}
{"account_number":860,"balance":23613,"firstname":"Clark","lastname":"Boyd","age":37,"gender":"M","address":"501 Rock Street","employer":"Deepends","email":"clarkboyd@deepends.com","city":"Whitewater","state":"MA"}
{"account_number":865,"balance":10574,"firstname":"Cook","lastname":"Kelley","age":28,"gender":"F","address":"865 Lincoln Terrace","employer":"Quizmo","email":"cookkelley@quizmo.com","city":"Kansas","state":"KY"}
{"account_number":872,"balance":26314,"firstname":"Jane","lastname":"Greer","age":36,"gender":"F","address":"717 Hewes Street","employer":"Newcube","email":"janegreer@newcube.com","city":"Delshire","state":"DE"}
{"account_number":877,"balance":42879,"firstname":"Tracey","lastname":"Ruiz","age":34,"gender":"F","address":"141 Tompkins Avenue","employer":"Waab","email":"traceyruiz@waab.com","city":"Zeba","state":"NM"}
{"account_number":884,"balance":29316,"firstname":"Reva","lastname":"Rosa","age":40,"gender":"M","address":"784 Greene Avenue","employer":"Urbanshee","email":"revarosa@urbanshee.com","city":"Bakersville","state":"MS"}
{"account_number":889,"balance":26464,"firstname":"Fischer","lastname":"Klein","age":38,"gender":"F","address":"948 Juliana Place","employer":"Comtext","email":"fischerklein@comtext.com","city":"Jackpot","state":"PA"}
{"account_number":891,"balance":34829,"firstname":"Jacobson","lastname":"Clemons","age":24,"gender":"F","address":"507 Wilson Street","employer":"Quilm","email":"jacobsonclemons@quilm.com","city":"Muir","state":"TX"}
{"account_number":896,"balance":31947,"firstname":"Buckley","lastname":"Peterson","age":26,"gender":"M","address":"217 Beayer Place","employer":"Earwax","email":"buckleypeterson@earwax.com","city":"Franklin","state":"DE"}
{"account_number":904,"balance":27707,"firstname":"Mendez","lastname":"Mcneil","age":26,"gender":"M","address":"431 Halsey Street","employer":"Macronaut","email":"mendezmcneil@macronaut.com","city":"Troy","state":"OK"}
{"account_number":909,"balance":18421,"firstname":"Stark","lastname":"Lewis","age":36,"gender":"M","address":"409 Tilden Avenue","employer":"Frosnex","email":"starklewis@frosnex.com","city":"Axis","state":"CA"}
{"account_number":911,"balance":42655,"firstname":"Annie","lastname":"Lyons","age":21,"gender":"M","address":"518 Woods Place","employer":"Enerforce","email":"annielyons@enerforce.com","city":"Stagecoach","state":"MA"}
{"account_number":916,"balance":47887,"firstname":"Jarvis","lastname":"Alexander","age":40,"gender":"M","address":"406 Bergen Avenue","employer":"Equitax","email":"jarvisalexander@equitax.com","city":"Haring","state":"KY"}
{"account_number":923,"balance":48466,"firstname":"Mueller","lastname":"Mckee","age":26,"gender":"M","address":"298 Ruby Street","employer":"Luxuria","email":"muellermckee@luxuria.com","city":"Coleville","state":"TN"}
{"account_number":928,"balance":19611,"firstname":"Hester","lastname":"Copeland","age":22,"gender":"F","address":"425 Cropsey Avenue","employer":"Dymi","email":"hestercopeland@dymi.com","city":"Wolcott","state":"NE"}
{"account_number":930,"balance":47257,"firstname":"Kinney","lastname":"Lawson","age":39,"gender":"M","address":"501 Raleigh Place","employer":"Neptide","email":"kinneylawson@neptide.com","city":"Deltaville","state":"MD"}
{"account_number":935,"balance":4959,"firstname":"Flowers","lastname":"Robles","age":30,"gender":"M","address":"201 Hull Street","employer":"Xelegyl","email":"flowersrobles@xelegyl.com","city":"Rehrersburg","state":"AL"}
{"account_number":942,"balance":21299,"firstname":"Hamilton","lastname":"Clayton","age":26,"gender":"M","address":"413 Debevoise Street","employer":"Architax","email":"hamiltonclayton@architax.com","city":"Terlingua","state":"NM"}
{"account_number":947,"balance":22039,"firstname":"Virgie","lastname":"Garza","age":30,"gender":"M","address":"903 Matthews Court","employer":"Plasmox","email":"virgiegarza@plasmox.com","city":"Somerset","state":"WY"}
{"account_number":954,"balance":49404,"firstname":"Jenna","lastname":"Martin","age":22,"gender":"M","address":"688 Hart Street","employer":"Zinca","email":"jennamartin@zinca.com","city":"Oasis","state":"MD"}
{"account_number":959,"balance":34743,"firstname":"Shaffer","lastname":"Cervantes","age":40,"gender":"M","address":"931 Varick Avenue","employer":"Oceanica","email":"shaffercervantes@oceanica.com","city":"Bowie","state":"AL"}
{"account_number":961,"balance":43219,"firstname":"Betsy","lastname":"Hyde","age":27,"gender":"F","address":"183 Junius Street","employer":"Tubalum","email":"betsyhyde@tubalum.com","city":"Driftwood","state":"TX"}
{"account_number":966,"balance":20619,"firstname":"Susanne","lastname":"Rodriguez","age":35,"gender":"F","address":"255 Knickerbocker Avenue","employer":"Comtrek","email":"susannerodriguez@comtrek.com","city":"Trinway","state":"TX"}
{"account_number":973,"balance":45756,"firstname":"Rice","lastname":"Farmer","age":31,"gender":"M","address":"476 Nassau Avenue","employer":"Photobin","email":"ricefarmer@photobin.com","city":"Suitland","state":"ME"}
{"account_number":978,"balance":21459,"firstname":"Melanie","lastname":"Rojas","age":33,"gender":"M","address":"991 Java Street","employer":"Kage","email":"melanierojas@kage.com","city":"Greenock","state":"VT"}
{"account_number":980,"balance":42436,"firstname":"Cash","lastname":"Collier","age":33,"gender":"F","address":"999 Sapphire Street","employer":"Ceprene","email":"cashcollier@ceprene.com","city":"Glidden","state":"AK"}
{"account_number":985,"balance":20083,"firstname":"Martin","lastname":"Gardner","age":28,"gender":"F","address":"644 Fairview Place","employer":"Golistic","email":"martingardner@golistic.com","city":"Connerton","state":"NJ"}
{"account_number":992,"balance":11413,"firstname":"Kristie","lastname":"Kennedy","age":33,"gender":"F","address":"750 Hudson Avenue","employer":"Ludak","email":"kristiekennedy@ludak.com","city":"Warsaw","state":"WY"}
{"account_number":997,"balance":25311,"firstname":"Combs","lastname":"Frederick","age":20,"gender":"M","address":"586 Lloyd Court","employer":"Pathways","email":"combsfrederick@pathways.com","city":"Williamson","state":"CA"}